<?xml version="1.0" encoding="UTF-8"?>
<!-- Generated by org.testng.reporters.JUnitXMLReporter -->
<testsuite ignored="0" hostname="LTIN218905" failures="5" tests="18" name="mytest2" time="246.407" errors="0" timestamp="2024-05-29T05:37:06 GMT-04:00">
  <testcase classname="worldclock1.WorldClocktest" name="details" time="30.96">
    <failure type="org.openqa.selenium.TimeoutException" message="Expected condition failed: waiting for visibility of element located by By.xpath: //*[@id=&amp;quot;O365_MainLink_Settings&amp;quot;]/div/span (tried for 30 second(s) with 500 milliseconds interval)
Build info: version: &amp;apos;4.20.0&amp;apos;, revision: &amp;apos;866c76ca80&amp;apos;
System info: os.name: &amp;apos;Windows 11&amp;apos;, os.arch: &amp;apos;amd64&amp;apos;, os.version: &amp;apos;10.0&amp;apos;, java.version: &amp;apos;21.0.2&amp;apos;
Driver info: org.openqa.selenium.edge.EdgeDriver
Capabilities {acceptInsecureCerts: false, browserName: MicrosoftEdge, browserVersion: 125.0.2535.67, fedcm:accounts: true, ms:edgeOptions: {debuggerAddress: localhost:50293}, msedge: {msedgedriverVersion: 125.0.2535.67 (626a82df5fa7..., userDataDir: C:\Windows\SystemTemp\scope...}, networkConnectionEnabled: false, pageLoadStrategy: normal, platformName: windows, proxy: Proxy(), se:cdp: ws://localhost:50293/devtoo..., se:cdpVersion: 125.0.2535.67, setWindowRect: true, strictFileInteractability: false, timeouts: {implicit: 0, pageLoad: 300000, script: 30000}, unhandledPromptBehavior: dismiss and notify, webauthn:extension:credBlob: true, webauthn:extension:largeBlob: true, webauthn:extension:minPinLength: true, webauthn:extension:prf: true, webauthn:virtualAuthenticators: true}
Session ID: e3fb55915e8098cebf83cd467a0df1cd">
      <![CDATA[org.openqa.selenium.TimeoutException: Expected condition failed: waiting for visibility of element located by By.xpath: //*[@id="O365_MainLink_Settings"]/div/span (tried for 30 second(s) with 500 milliseconds interval)
Build info: version: '4.20.0', revision: '866c76ca80'
System info: os.name: 'Windows 11', os.arch: 'amd64', os.version: '10.0', java.version: '21.0.2'
Driver info: org.openqa.selenium.edge.EdgeDriver
Capabilities {acceptInsecureCerts: false, browserName: MicrosoftEdge, browserVersion: 125.0.2535.67, fedcm:accounts: true, ms:edgeOptions: {debuggerAddress: localhost:50293}, msedge: {msedgedriverVersion: 125.0.2535.67 (626a82df5fa7..., userDataDir: C:\Windows\SystemTemp\scope...}, networkConnectionEnabled: false, pageLoadStrategy: normal, platformName: windows, proxy: Proxy(), se:cdp: ws://localhost:50293/devtoo..., se:cdpVersion: 125.0.2535.67, setWindowRect: true, strictFileInteractability: false, timeouts: {implicit: 0, pageLoad: 300000, script: 30000}, unhandledPromptBehavior: dismiss and notify, webauthn:extension:credBlob: true, webauthn:extension:largeBlob: true, webauthn:extension:minPinLength: true, webauthn:extension:prf: true, webauthn:virtualAuthenticators: true}
Session ID: e3fb55915e8098cebf83cd467a0df1cd
at org.openqa.selenium.support.ui.WebDriverWait.timeoutException(WebDriverWait.java:84)
at org.openqa.selenium.support.ui.FluentWait.until(FluentWait.java:228)
at worldclock1.Becognizantpage.user(Becognizantpage.java:49)
at worldclock1.WorldClocktest.details(WorldClocktest.java:59)
at java.base/java.util.ArrayList.forEach(ArrayList.java:1596)
at java.base/java.util.concurrent.FutureTask.run(FutureTask.java:317)
at java.base/java.util.concurrent.ThreadPoolExecutor.runWorker(ThreadPoolExecutor.java:1144)
at java.base/java.util.concurrent.ThreadPoolExecutor$Worker.run(ThreadPoolExecutor.java:642)
at java.base/java.lang.Thread.run(Thread.java:1583)
... Removed 15 stack frames]]>
    </failure>
  </testcase> <!-- details -->
  <testcase classname="worldclock1.WorldClocktest" name="validateWorldclock" time="1.003"/>
  <testcase classname="worldclock1.WorldClocktest" name="validatecurrentWeek" time="2.283">
    <failure type="java.lang.AssertionError" message="expected [false] but found [true]">
      <![CDATA[java.lang.AssertionError: expected [false] but found [true]
at worldclock1.WorldClocktest.validatecurrentWeek(WorldClocktest.java:77)
at java.base/java.util.ArrayList.forEach(ArrayList.java:1596)
at java.base/java.util.concurrent.FutureTask.run(FutureTask.java:317)
at java.base/java.util.concurrent.ThreadPoolExecutor.runWorker(ThreadPoolExecutor.java:1144)
at java.base/java.util.concurrent.ThreadPoolExecutor$Worker.run(ThreadPoolExecutor.java:642)
at java.base/java.lang.Thread.run(Thread.java:1583)
... Removed 21 stack frames]]>
    </failure>
  </testcase> <!-- validatecurrentWeek -->
  <testcase classname="worldclock1.WorldClocktest" name="validatedate" time="3.263"/>
  <testcase classname="worldclock1.WorldClocktest" name="validatebangtimezone" time="3.115"/>
  <testcase classname="worldclock1.WorldClocktest" name="bangtimevalidate" time="2.473">
    <failure type="java.lang.AssertionError" message="expected [false] but found [true]">
      <![CDATA[java.lang.AssertionError: expected [false] but found [true]
at worldclock1.WorldClocktest.bangtimevalidate(WorldClocktest.java:105)
at java.base/java.util.ArrayList.forEach(ArrayList.java:1596)
at java.base/java.util.concurrent.FutureTask.run(FutureTask.java:317)
at java.base/java.util.concurrent.ThreadPoolExecutor.runWorker(ThreadPoolExecutor.java:1144)
at java.base/java.util.concurrent.ThreadPoolExecutor$Worker.run(ThreadPoolExecutor.java:642)
at java.base/java.lang.Thread.run(Thread.java:1583)
... Removed 21 stack frames]]>
    </failure>
  </testcase> <!-- bangtimevalidate -->
  <testcase classname="worldclock1.WorldClocktest" name="londontimezoneValidate" time="0.491"/>
  <testcase classname="worldclock1.WorldClocktest" name="LondonTimeValidate" time="0.122"/>
  <testcase classname="worldclock1.WorldClocktest" name="LondonTimeZonedifValidate" time="0.067">
    <failure type="java.lang.AssertionError" message="expected [false] but found [true]">
      <![CDATA[java.lang.AssertionError: expected [false] but found [true]
at worldclock1.WorldClocktest.LondonTimeZonedifValidate(WorldClocktest.java:130)
at java.base/java.util.ArrayList.forEach(ArrayList.java:1596)
at java.base/java.util.concurrent.FutureTask.run(FutureTask.java:317)
at java.base/java.util.concurrent.ThreadPoolExecutor.runWorker(ThreadPoolExecutor.java:1144)
at java.base/java.util.concurrent.ThreadPoolExecutor$Worker.run(ThreadPoolExecutor.java:642)
at java.base/java.lang.Thread.run(Thread.java:1583)
... Removed 21 stack frames]]>
    </failure>
  </testcase> <!-- LondonTimeZonedifValidate -->
  <testcase classname="worldclock1.WorldClocktest" name="NYtimezonevalidate" time="0.053"/>
  <testcase classname="worldclock1.WorldClocktest" name="NYtimevalidate" time="0.081"/>
  <testcase classname="worldclock1.WorldClocktest" name="NYtimedifvalidate" time="0.061">
    <failure type="java.lang.AssertionError" message="expected [false] but found [true]">
      <![CDATA[java.lang.AssertionError: expected [false] but found [true]
at worldclock1.WorldClocktest.NYtimedifvalidate(WorldClocktest.java:154)
at java.base/java.util.ArrayList.forEach(ArrayList.java:1596)
at java.base/java.util.concurrent.FutureTask.run(FutureTask.java:317)
at java.base/java.util.concurrent.ThreadPoolExecutor.runWorker(ThreadPoolExecutor.java:1144)
at java.base/java.util.concurrent.ThreadPoolExecutor$Worker.run(ThreadPoolExecutor.java:642)
at java.base/java.lang.Thread.run(Thread.java:1583)
... Removed 21 stack frames]]>
    </failure>
  </testcase> <!-- NYtimedifvalidate -->
  <testcase classname="worldclock1.WorldClocktest" name="Nclosepopup" time="10.377"/>
  <testcase classname="worldclock1.WorldClocktest" name="clickonecognizant" time="3.342"/>
  <testcase classname="worldclock1.WorldClocktest" name="changewindow" time="1.133"/>
  <testcase classname="worldclock1.WorldClocktest" name="Clickallapps" time="8.613"/>
  <testcase classname="worldclock1.WorldClocktest" name="ValidateAtoZ" time="3.323"/>
  <testcase classname="worldclock1.WorldClocktest" name="Clickonalphabate" time="116.697"/>
</testsuite> <!-- mytest2 -->
