<?xml version="1.0" encoding="UTF-8"?>
<!-- Generated by org.testng.reporters.JUnitXMLReporter -->
<testsuite ignored="0" hostname="LTIN518331" failures="0" tests="18" name="Default test" time="0.253" errors="0" timestamp="2024-06-05T23:17:04 IST">
  <testcase classname="worldclock1.WorldClocktest" name="@BeforeClass driversetup" time="-1.717609623929E9">
    <failure type="org.testng.TestNGException" message="
Parameter &amp;apos;Browser&amp;apos; is required by BeforeClass on method driversetup but has not been marked @Optional or defined
in C:\Users\2332926\AppData\Local\Temp\testng-eclipse--1665314530\testng-customsuite.xml">
      <![CDATA[org.testng.TestNGException: 
Parameter 'Browser' is required by BeforeClass on method driversetup but has not been marked @Optional or defined
in C:\Users\2332926\AppData\Local\Temp\testng-eclipse--1665314530\testng-customsuite.xml
at org.testng.internal.Parameters.createParams(Parameters.java:264)
at org.testng.internal.Parameters.createParametersForMethod(Parameters.java:352)
at org.testng.internal.Parameters.createParameters(Parameters.java:690)
at org.testng.internal.Parameters.createConfigurationParameters(Parameters.java:163)
at org.testng.internal.invokers.ConfigInvoker.invokeConfigurations(ConfigInvoker.java:313)
at org.testng.internal.invokers.TestMethodWorker.invokeBeforeClassMethods(TestMethodWorker.java:188)
at org.testng.internal.invokers.TestMethodWorker.run(TestMethodWorker.java:128)
at java.base/java.util.ArrayList.forEach(ArrayList.java:1511)
at org.testng.TestRunner.privateRun(TestRunner.java:739)
at org.testng.TestRunner.run(TestRunner.java:614)
at org.testng.SuiteRunner.runTest(SuiteRunner.java:421)
at org.testng.SuiteRunner.runSequentially(SuiteRunner.java:413)
at org.testng.SuiteRunner.privateRun(SuiteRunner.java:373)
at org.testng.SuiteRunner.run(SuiteRunner.java:312)
at org.testng.SuiteRunnerWorker.runSuite(SuiteRunnerWorker.java:52)
at org.testng.SuiteRunnerWorker.run(SuiteRunnerWorker.java:95)
at org.testng.TestNG.runSuitesSequentially(TestNG.java:1274)
at org.testng.TestNG.runSuitesLocally(TestNG.java:1208)
at org.testng.TestNG.runSuites(TestNG.java:1112)
at org.testng.TestNG.run(TestNG.java:1079)
at org.testng.remote.AbstractRemoteTestNG.run(AbstractRemoteTestNG.java:115)
at org.testng.remote.RemoteTestNG.initAndRun(RemoteTestNG.java:293)
at org.testng.remote.RemoteTestNG.main(RemoteTestNG.java:91)
]]>
    </failure>
  </testcase> <!-- @BeforeClass driversetup -->
  <testcase classname="worldclock1.WorldClocktest" name="@AfterClass close" time="0.0">
    <skipped/>
  </testcase> <!-- @AfterClass close -->
  <testcase classname="worldclock1.WorldClocktest" name="details" time="0.0">
    <skipped/>
  </testcase> <!-- details -->
  <testcase classname="worldclock1.WorldClocktest" name="validateWorldclock" time="0.0">
    <skipped/>
  </testcase> <!-- validateWorldclock -->
  <testcase classname="worldclock1.WorldClocktest" name="validatecurrentWeek" time="0.0">
    <skipped/>
  </testcase> <!-- validatecurrentWeek -->
  <testcase classname="worldclock1.WorldClocktest" name="validatedate" time="0.0">
    <skipped/>
  </testcase> <!-- validatedate -->
  <testcase classname="worldclock1.WorldClocktest" name="validatebangtimezone" time="0.0">
    <skipped/>
  </testcase> <!-- validatebangtimezone -->
  <testcase classname="worldclock1.WorldClocktest" name="bangtimevalidate" time="0.0">
    <skipped/>
  </testcase> <!-- bangtimevalidate -->
  <testcase classname="worldclock1.WorldClocktest" name="londontimezoneValidate" time="0.0">
    <skipped/>
  </testcase> <!-- londontimezoneValidate -->
  <testcase classname="worldclock1.WorldClocktest" name="LondonTimeValidate" time="0.0">
    <skipped/>
  </testcase> <!-- LondonTimeValidate -->
  <testcase classname="worldclock1.WorldClocktest" name="LondonTimeZonedifValidate" time="0.0">
    <skipped/>
  </testcase> <!-- LondonTimeZonedifValidate -->
  <testcase classname="worldclock1.WorldClocktest" name="NYtimezonevalidate" time="0.0">
    <skipped/>
  </testcase> <!-- NYtimezonevalidate -->
  <testcase classname="worldclock1.WorldClocktest" name="NYtimevalidate" time="0.0">
    <skipped/>
  </testcase> <!-- NYtimevalidate -->
  <testcase classname="worldclock1.WorldClocktest" name="NYtimedifvalidate" time="0.0">
    <skipped/>
  </testcase> <!-- NYtimedifvalidate -->
  <testcase classname="worldclock1.WorldClocktest" name="Nclosepopup" time="0.0">
    <skipped/>
  </testcase> <!-- Nclosepopup -->
  <testcase classname="worldclock1.WorldClocktest" name="clickonecognizant" time="0.0">
    <skipped/>
  </testcase> <!-- clickonecognizant -->
  <testcase classname="worldclock1.WorldClocktest" name="changewindow" time="0.0">
    <skipped/>
  </testcase> <!-- changewindow -->
  <testcase classname="worldclock1.WorldClocktest" name="Clickallapps" time="0.0">
    <skipped/>
  </testcase> <!-- Clickallapps -->
  <testcase classname="worldclock1.WorldClocktest" name="ValidateAtoZ" time="0.0">
    <skipped/>
  </testcase> <!-- ValidateAtoZ -->
  <testcase classname="worldclock1.WorldClocktest" name="Clickonalphabate" time="0.0">
    <skipped/>
  </testcase> <!-- Clickonalphabate -->
</testsuite> <!-- Default test -->
